# JRE version: Java(TM) SE Runtime Environment (21.0.2+13) (build 21.0.2+13-LTS-58)
# Java VM: Java HotSpot(TM) 64-Bit Server VM (21.0.2+13-LTS-58, mixed mode, sharing, tiered, compressed oops, compressed class ptrs, g1 gc, windows-amd64)
GC Precious Log:
 CardTable entry size: 512
 Card Set container configuration: InlinePtr #cards 4 size 8 Array Of Cards #cards 16 size 48 Howl #buckets 8 coarsen threshold 3686 Howl Bitmap #cards 512 size 80 coarsen threshold 460 Card regions per heap region 1 cards per card region 4096
 CPUs: 16 total, 16 available
 Memory: 16010M
 Large Page Support: Disabled
 NUMA Support: Disabled
 Compressed Oops: Enabled (Zero based)
 Heap Region Size: 2M
 Heap Min Capacity: 8M
 Heap Initial Capacity: 252M
 Heap Max Capacity: 4004M
 Pre-touch: Disabled
 Parallel Workers: 13
 Concurrent Workers: 3
 Concurrent Refinement Workers: 13
 Periodic GC: Disabled
Heap:
 garbage-first heap   total 86016K, used 74078K [0x0000000705c00000, 0x0000000800000000)
  region size 2048K, 26 young (53248K), 3 survivors (6144K)
 Metaspace       used 66499K, committed 67136K, reserved 1114112K
  class space    used 9267K, committed 9536K, reserved 1048576K
GC Heap History (18 events):
Event: 0.250 GC heap before
{Heap before GC invocations=0 (full 0):
 garbage-first heap   total 258048K, used 20480K [0x0000000705c00000, 0x0000000800000000)
  region size 2048K, 11 young (22528K), 0 survivors (0K)
 Metaspace       used 4051K, committed 4160K, reserved 1114112K
  class space    used 414K, committed 448K, reserved 1048576K
}
Event: 0.252 GC heap after
{Heap after GC invocations=1 (full 0):
 garbage-first heap   total 258048K, used 9300K [0x0000000705c00000, 0x0000000800000000)
  region size 2048K, 2 young (4096K), 2 survivors (4096K)
 Metaspace       used 4051K, committed 4160K, reserved 1114112K
  class space    used 414K, committed 448K, reserved 1048576K
}
Event: 0.575 GC heap before
{Heap before GC invocations=1 (full 0):
 garbage-first heap   total 258048K, used 29780K [0x0000000705c00000, 0x0000000800000000)
  region size 2048K, 13 young (26624K), 2 survivors (4096K)
 Metaspace       used 10050K, committed 10304K, reserved 1114112K
  class space    used 1204K, committed 1344K, reserved 1048576K
}
Event: 0.578 GC heap after
{Heap after GC invocations=2 (full 0):
 garbage-first heap   total 258048K, used 10785K [0x0000000705c00000, 0x0000000800000000)
  region size 2048K, 1 young (2048K), 1 survivors (2048K)
 Metaspace       used 10050K, committed 10304K, reserved 1114112K
  class space    used 1204K, committed 1344K, reserved 1048576K
}
Event: 1.055 GC heap before
{Heap before GC invocations=2 (full 0):
 garbage-first heap   total 258048K, used 55841K [0x0000000705c00000, 0x0000000800000000)
  region size 2048K, 25 young (51200K), 1 survivors (2048K)
 Metaspace       used 21206K, committed 21504K, reserved 1114112K
  class space    used 2804K, committed 2944K, reserved 1048576K
}
Event: 1.058 GC heap after
{Heap after GC invocations=3 (full 0):
 garbage-first heap   total 258048K, used 14626K [0x0000000705c00000, 0x0000000800000000)
  region size 2048K, 3 young (6144K), 3 survivors (6144K)
 Metaspace       used 21206K, committed 21504K, reserved 1114112K
  class space    used 2804K, committed 2944K, reserved 1048576K
}
Event: 1.492 GC heap before
{Heap before GC invocations=4 (full 0):
 garbage-first heap   total 61440K, used 59682K [0x0000000705c00000, 0x0000000800000000)
  region size 2048K, 25 young (51200K), 3 survivors (6144K)
 Metaspace       used 28435K, committed 28800K, reserved 1114112K
  class space    used 3712K, committed 3904K, reserved 1048576K
}
Event: 1.496 GC heap after
{Heap after GC invocations=5 (full 0):
 garbage-first heap   total 71680K, used 18399K [0x0000000705c00000, 0x0000000800000000)
  region size 2048K, 5 young (10240K), 5 survivors (10240K)
 Metaspace       used 28435K, committed 28800K, reserved 1114112K
  class space    used 3712K, committed 3904K, reserved 1048576K
}
Event: 2.049 GC heap before
{Heap before GC invocations=5 (full 0):
 garbage-first heap   total 71680K, used 51167K [0x0000000705c00000, 0x0000000800000000)
  region size 2048K, 21 young (43008K), 5 survivors (10240K)
 Metaspace       used 32937K, committed 33408K, reserved 1114112K
  class space    used 4357K, committed 4544K, reserved 1048576K
}
Event: 2.057 GC heap after
{Heap after GC invocations=6 (full 0):
 garbage-first heap   total 71680K, used 20987K [0x0000000705c00000, 0x0000000800000000)
  region size 2048K, 2 young (4096K), 2 survivors (4096K)
 Metaspace       used 32937K, committed 33408K, reserved 1114112K
  class space    used 4357K, committed 4544K, reserved 1048576K
}
Event: 2.364 GC heap before
{Heap before GC invocations=6 (full 0):
 garbage-first heap   total 71680K, used 31227K [0x0000000705c00000, 0x0000000800000000)
  region size 2048K, 8 young (16384K), 2 survivors (4096K)
 Metaspace       used 35659K, committed 36096K, reserved 1114112K
  class space    used 4729K, committed 4928K, reserved 1048576K
}
Event: 2.367 GC heap after
{Heap after GC invocations=7 (full 0):
 garbage-first heap   total 71680K, used 21036K [0x0000000705c00000, 0x0000000800000000)
  region size 2048K, 2 young (4096K), 2 survivors (4096K)
 Metaspace       used 35659K, committed 36096K, reserved 1114112K
  class space    used 4729K, committed 4928K, reserved 1048576K
}
Event: 2.838 GC heap before
{Heap before GC invocations=8 (full 0):
 garbage-first heap   total 71680K, used 55852K [0x0000000705c00000, 0x0000000800000000)
  region size 2048K, 19 young (38912K), 2 survivors (4096K)
 Metaspace       used 45495K, committed 46080K, reserved 1114112K
  class space    used 6145K, committed 6400K, reserved 1048576K
}
Event: 2.844 GC heap after
{Heap after GC invocations=9 (full 0):
 garbage-first heap   total 86016K, used 23806K [0x0000000705c00000, 0x0000000800000000)
  region size 2048K, 2 young (4096K), 2 survivors (4096K)
 Metaspace       used 45495K, committed 46080K, reserved 1114112K
  class space    used 6145K, committed 6400K, reserved 1048576K
}
Event: 3.390 GC heap before
{Heap before GC invocations=9 (full 0):
 garbage-first heap   total 86016K, used 68862K [0x0000000705c00000, 0x0000000800000000)
  region size 2048K, 25 young (51200K), 2 survivors (4096K)
 Metaspace       used 57286K, committed 57856K, reserved 1114112K
  class space    used 7862K, committed 8128K, reserved 1048576K
}
Event: 3.395 GC heap after
{Heap after GC invocations=10 (full 0):
 garbage-first heap   total 86016K, used 26555K [0x0000000705c00000, 0x0000000800000000)
  region size 2048K, 4 young (8192K), 4 survivors (8192K)
 Metaspace       used 57286K, committed 57856K, reserved 1114112K
  class space    used 7862K, committed 8128K, reserved 1048576K
}
Event: 3.472 GC heap before
{Heap before GC invocations=10 (full 0):
 garbage-first heap   total 86016K, used 34747K [0x0000000705c00000, 0x0000000800000000)
  region size 2048K, 9 young (18432K), 4 survivors (8192K)
 Metaspace       used 59645K, committed 60288K, reserved 1114112K
  class space    used 8207K, committed 8512K, reserved 1048576K
}
Event: 3.477 GC heap after
{Heap after GC invocations=11 (full 0):
 garbage-first heap   total 86016K, used 26974K [0x0000000705c00000, 0x0000000800000000)
  region size 2048K, 2 young (4096K), 2 survivors (4096K)
 Metaspace       used 59645K, committed 60288K, reserved 1114112K
  class space    used 8207K, committed 8512K, reserved 1048576K
}

