# JRE version: OpenJDK Runtime Environment Temurin-21.0.10+7 (21.0.10+7) (build 21.0.10+7-LTS)
# Java VM: OpenJDK 64-Bit Server VM Temurin-21.0.10+7 (21.0.10+7-LTS, mixed mode, sharing, tiered, compressed oops, compressed class ptrs, g1 gc, windows-amd64)
GC Precious Log:
 CardTable entry size: 512
 Card Set container configuration: InlinePtr #cards 4 size 8 Array Of Cards #cards 16 size 48 Howl #buckets 8 coarsen threshold 3686 Howl Bitmap #cards 512 size 80 coarsen threshold 460 Card regions per heap region 1 cards per card region 4096
 CPUs: 16 total, 16 available
 Memory: 16010M
 Large Page Support: Disabled
 NUMA Support: Disabled
 Compressed Oops: Enabled (Zero based)
 Heap Region Size: 2M
 Heap Min Capacity: 8M
 Heap Initial Capacity: 252M
 Heap Max Capacity: 4004M
 Pre-touch: Disabled
 Parallel Workers: 13
 Concurrent Workers: 3
 Concurrent Refinement Workers: 13
 Periodic GC: Disabled
Heap:
 garbage-first heap   total 86016K, used 48976K [0x0000000705c00000, 0x0000000800000000)
  region size 2048K, 8 young (16384K), 2 survivors (4096K)
 Metaspace       used 90057K, committed 91136K, reserved 1179648K
  class space    used 11474K, committed 11968K, reserved 1048576K
GC Heap History (20 events):
Event: 1303.503 GC heap after
{Heap after GC invocations=36 (full 5):
 garbage-first heap   total 86016K, used 37723K [0x0000000705c00000, 0x0000000800000000)
  region size 2048K, 2 young (4096K), 2 survivors (4096K)
 Metaspace       used 87974K, committed 89024K, reserved 1179648K
  class space    used 11325K, committed 11776K, reserved 1048576K
}
Event: 1308.009 GC heap before
{Heap before GC invocations=36 (full 5):
 garbage-first heap   total 86016K, used 47963K [0x0000000705c00000, 0x0000000800000000)
  region size 2048K, 8 young (16384K), 2 survivors (4096K)
 Metaspace       used 88015K, committed 89024K, reserved 1179648K
  class space    used 11328K, committed 11776K, reserved 1048576K
}
Event: 1308.036 GC heap after
{Heap after GC invocations=37 (full 6):
 garbage-first heap   total 86016K, used 31923K [0x0000000705c00000, 0x0000000800000000)
  region size 2048K, 0 young (0K), 0 survivors (0K)
 Metaspace       used 88012K, committed 89024K, reserved 1179648K
  class space    used 11327K, committed 11776K, reserved 1048576K
}
Event: 1308.209 GC heap before
{Heap before GC invocations=37 (full 6):
 garbage-first heap   total 86016K, used 68787K [0x0000000705c00000, 0x0000000800000000)
  region size 2048K, 19 young (38912K), 0 survivors (0K)
 Metaspace       used 88194K, committed 89280K, reserved 1179648K
  class space    used 11342K, committed 11840K, reserved 1048576K
}
Event: 1308.210 GC heap after
{Heap after GC invocations=38 (full 6):
 garbage-first heap   total 86016K, used 35656K [0x0000000705c00000, 0x0000000800000000)
  region size 2048K, 2 young (4096K), 2 survivors (4096K)
 Metaspace       used 88194K, committed 89280K, reserved 1179648K
  class space    used 11342K, committed 11840K, reserved 1048576K
}
Event: 1308.443 GC heap before
{Heap before GC invocations=38 (full 6):
 garbage-first heap   total 86016K, used 72520K [0x0000000705c00000, 0x0000000800000000)
  region size 2048K, 20 young (40960K), 2 survivors (4096K)
 Metaspace       used 88676K, committed 89664K, reserved 1179648K
  class space    used 11374K, committed 11840K, reserved 1048576K
}
Event: 1308.445 GC heap after
{Heap after GC invocations=39 (full 6):
 garbage-first heap   total 86016K, used 38131K [0x0000000705c00000, 0x0000000800000000)
  region size 2048K, 2 young (4096K), 2 survivors (4096K)
 Metaspace       used 88676K, committed 89664K, reserved 1179648K
  class space    used 11374K, committed 11840K, reserved 1048576K
}
Event: 1322.065 GC heap before
{Heap before GC invocations=39 (full 6):
 garbage-first heap   total 86016K, used 48371K [0x0000000705c00000, 0x0000000800000000)
  region size 2048K, 8 young (16384K), 2 survivors (4096K)
 Metaspace       used 88697K, committed 89728K, reserved 1179648K
  class space    used 11374K, committed 11840K, reserved 1048576K
}
Event: 1322.094 GC heap after
{Heap after GC invocations=40 (full 7):
 garbage-first heap   total 86016K, used 32275K [0x0000000705c00000, 0x0000000800000000)
  region size 2048K, 0 young (0K), 0 survivors (0K)
 Metaspace       used 88694K, committed 89728K, reserved 1179648K
  class space    used 11374K, committed 11840K, reserved 1048576K
}
Event: 1322.251 GC heap before
{Heap before GC invocations=40 (full 7):
 garbage-first heap   total 86016K, used 67091K [0x0000000705c00000, 0x0000000800000000)
  region size 2048K, 18 young (36864K), 0 survivors (0K)
 Metaspace       used 88869K, committed 89856K, reserved 1179648K
  class space    used 11389K, committed 11840K, reserved 1048576K
}
Event: 1322.253 GC heap after
{Heap after GC invocations=41 (full 7):
 garbage-first heap   total 86016K, used 35807K [0x0000000705c00000, 0x0000000800000000)
  region size 2048K, 2 young (4096K), 2 survivors (4096K)
 Metaspace       used 88869K, committed 89856K, reserved 1179648K
  class space    used 11389K, committed 11840K, reserved 1048576K
}
Event: 1322.485 GC heap before
{Heap before GC invocations=42 (full 7):
 garbage-first heap   total 86016K, used 70623K [0x0000000705c00000, 0x0000000800000000)
  region size 2048K, 19 young (38912K), 2 survivors (4096K)
 Metaspace       used 89330K, committed 90368K, reserved 1179648K
  class space    used 11420K, committed 11904K, reserved 1048576K
}
Event: 1322.487 GC heap after
{Heap after GC invocations=43 (full 7):
 garbage-first heap   total 86016K, used 38271K [0x0000000705c00000, 0x0000000800000000)
  region size 2048K, 2 young (4096K), 2 survivors (4096K)
 Metaspace       used 89330K, committed 90368K, reserved 1179648K
  class space    used 11420K, committed 11904K, reserved 1048576K
}
Event: 1358.680 GC heap before
{Heap before GC invocations=43 (full 7):
 garbage-first heap   total 86016K, used 52607K [0x0000000705c00000, 0x0000000800000000)
  region size 2048K, 10 young (20480K), 2 survivors (4096K)
 Metaspace       used 89372K, committed 90432K, reserved 1179648K
  class space    used 11424K, committed 11904K, reserved 1048576K
}
Event: 1358.707 GC heap after
{Heap after GC invocations=44 (full 8):
 garbage-first heap   total 86016K, used 32632K [0x0000000705c00000, 0x0000000800000000)
  region size 2048K, 0 young (0K), 0 survivors (0K)
 Metaspace       used 89369K, committed 90432K, reserved 1179648K
  class space    used 11423K, committed 11904K, reserved 1048576K
}
Event: 1358.855 GC heap before
{Heap before GC invocations=44 (full 8):
 garbage-first heap   total 86016K, used 69496K [0x0000000705c00000, 0x0000000800000000)
  region size 2048K, 19 young (38912K), 0 survivors (0K)
 Metaspace       used 89555K, committed 90688K, reserved 1179648K
  class space    used 11440K, committed 11968K, reserved 1048576K
}
Event: 1358.856 GC heap after
{Heap after GC invocations=45 (full 8):
 garbage-first heap   total 86016K, used 36286K [0x0000000705c00000, 0x0000000800000000)
  region size 2048K, 2 young (4096K), 2 survivors (4096K)
 Metaspace       used 89555K, committed 90688K, reserved 1179648K
  class space    used 11440K, committed 11968K, reserved 1048576K
}
Event: 1359.058 GC heap before
{Heap before GC invocations=45 (full 8):
 garbage-first heap   total 86016K, used 71102K [0x0000000705c00000, 0x0000000800000000)
  region size 2048K, 20 young (40960K), 2 survivors (4096K)
 Metaspace       used 90042K, committed 91072K, reserved 1179648K
  class space    used 11474K, committed 11968K, reserved 1048576K
}
Event: 1359.060 GC heap after
{Heap after GC invocations=46 (full 8):
 garbage-first heap   total 86016K, used 38736K [0x0000000705c00000, 0x0000000800000000)
  region size 2048K, 2 young (4096K), 2 survivors (4096K)
 Metaspace       used 90042K, committed 91072K, reserved 1179648K
  class space    used 11474K, committed 11968K, reserved 1048576K
}
Event: 1367.663 GC heap before
{Heap before GC invocations=46 (full 8):
 garbage-first heap   total 86016K, used 48976K [0x0000000705c00000, 0x0000000800000000)
  region size 2048K, 8 young (16384K), 2 survivors (4096K)
 Metaspace       used 90057K, committed 91136K, reserved 1179648K
  class space    used 11474K, committed 11968K, reserved 1048576K
}

