# JRE version: OpenJDK Runtime Environment Temurin-21.0.10+7 (21.0.10+7) (build 21.0.10+7-LTS)
# Java VM: OpenJDK 64-Bit Server VM Temurin-21.0.10+7 (21.0.10+7-LTS, mixed mode, sharing, tiered, compressed oops, compressed class ptrs, parallel gc, windows-amd64)
GC Precious Log:
 CardTable entry size: 512
 CPUs: 16 total, 16 available
 Memory: 16010M
 Large Page Support: Disabled
 NUMA Support: Disabled
 Compressed Oops: Enabled (32-bit)
 Alignments: Space 512K, Generation 512K, Heap 2M
 Heap Min Capacity: 100M
 Heap Initial Capacity: 100M
 Heap Max Capacity: 2G
 Pre-touch: Disabled
 Parallel Workers: 13
Heap:
 PSYoungGen      total 7168K, used 2387K [0x00000000d5580000, 0x00000000d5e00000, 0x0000000100000000)
  eden space 6656K, 29% used [0x00000000d5580000,0x00000000d5764ed8,0x00000000d5c00000)
  from space 512K, 87% used [0x00000000d5d00000,0x00000000d5d70000,0x00000000d5d80000)
  to   space 512K, 0% used [0x00000000d5d80000,0x00000000d5d80000,0x00000000d5e00000)
 ParOldGen       total 693760K, used 693551K [0x0000000080000000, 0x00000000aa580000, 0x00000000d5580000)
  object space 693760K, 99% used [0x0000000080000000,0x00000000aa54bf18,0x00000000aa580000)
 Metaspace       used 77553K, committed 79168K, reserved 1179648K
  class space    used 8204K, committed 8960K, reserved 1048576K
GC Heap History (20 events):
Event: 2151.684 GC heap before
{Heap before GC invocations=301 (full 3):
 PSYoungGen      total 10240K, used 10011K [0x00000000d5580000, 0x00000000d6300000, 0x0000000100000000)
  eden space 6656K, 100% used [0x00000000d5580000,0x00000000d5c00000,0x00000000d5c00000)
  from space 3584K, 93% used [0x00000000d5c00000,0x00000000d5f46fb8,0x00000000d5f80000)
  to   space 3584K, 0% used [0x00000000d5f80000,0x00000000d5f80000,0x00000000d6300000)
 ParOldGen       total 624128K, used 623974K [0x0000000080000000, 0x00000000a6180000, 0x00000000d5580000)
  object space 624128K, 99% used [0x0000000080000000,0x00000000a6159be8,0x00000000a6180000)
 Metaspace       used 77234K, committed 78848K, reserved 1179648K
  class space    used 8200K, committed 8960K, reserved 1048576K
}
Event: 2151.685 GC heap after
{Heap after GC invocations=301 (full 3):
 PSYoungGen      total 8704K, used 1565K [0x00000000d5580000, 0x00000000d6180000, 0x0000000100000000)
  eden space 6656K, 0% used [0x00000000d5580000,0x00000000d5580000,0x00000000d5c00000)
  from space 2048K, 76% used [0x00000000d5f80000,0x00000000d6107660,0x00000000d6180000)
  to   space 2560K, 0% used [0x00000000d5c80000,0x00000000d5c80000,0x00000000d5f00000)
 ParOldGen       total 627200K, used 627129K [0x0000000080000000, 0x00000000a6480000, 0x00000000d5580000)
  object space 627200K, 99% used [0x0000000080000000,0x00000000a646e4e8,0x00000000a6480000)
 Metaspace       used 77234K, committed 78848K, reserved 1179648K
  class space    used 8200K, committed 8960K, reserved 1048576K
}
Event: 2151.706 GC heap before
{Heap before GC invocations=302 (full 3):
 PSYoungGen      total 8704K, used 8221K [0x00000000d5580000, 0x00000000d6180000, 0x0000000100000000)
  eden space 6656K, 100% used [0x00000000d5580000,0x00000000d5c00000,0x00000000d5c00000)
  from space 2048K, 76% used [0x00000000d5f80000,0x00000000d6107660,0x00000000d6180000)
  to   space 2560K, 0% used [0x00000000d5c80000,0x00000000d5c80000,0x00000000d5f00000)
 ParOldGen       total 690688K, used 688569K [0x0000000080000000, 0x00000000aa280000, 0x00000000d5580000)
  object space 690688K, 99% used [0x0000000080000000,0x00000000aa06e548,0x00000000aa280000)
 Metaspace       used 77263K, committed 78912K, reserved 1179648K
  class space    used 8200K, committed 8960K, reserved 1048576K
}
Event: 2151.708 GC heap after
{Heap after GC invocations=302 (full 3):
 PSYoungGen      total 7680K, used 928K [0x00000000d5580000, 0x00000000d6000000, 0x0000000100000000)
  eden space 6656K, 0% used [0x00000000d5580000,0x00000000d5580000,0x00000000d5c00000)
  from space 1024K, 90% used [0x00000000d5c80000,0x00000000d5d68000,0x00000000d5d80000)
  to   space 1536K, 0% used [0x00000000d5e80000,0x00000000d5e80000,0x00000000d6000000)
 ParOldGen       total 690688K, used 689836K [0x0000000080000000, 0x00000000aa280000, 0x00000000d5580000)
  object space 690688K, 99% used [0x0000000080000000,0x00000000aa1ab228,0x00000000aa280000)
 Metaspace       used 77263K, committed 78912K, reserved 1179648K
  class space    used 8200K, committed 8960K, reserved 1048576K
}
Event: 2151.818 GC heap before
{Heap before GC invocations=303 (full 3):
 PSYoungGen      total 7680K, used 7583K [0x00000000d5580000, 0x00000000d6000000, 0x0000000100000000)
  eden space 6656K, 99% used [0x00000000d5580000,0x00000000d5bffff0,0x00000000d5c00000)
  from space 1024K, 90% used [0x00000000d5c80000,0x00000000d5d68000,0x00000000d5d80000)
  to   space 1536K, 0% used [0x00000000d5e80000,0x00000000d5e80000,0x00000000d6000000)
 ParOldGen       total 690688K, used 689836K [0x0000000080000000, 0x00000000aa280000, 0x00000000d5580000)
  object space 690688K, 99% used [0x0000000080000000,0x00000000aa1ab228,0x00000000aa280000)
 Metaspace       used 77280K, committed 78912K, reserved 1179648K
  class space    used 8200K, committed 8960K, reserved 1048576K
}
Event: 2151.819 GC heap after
{Heap after GC invocations=303 (full 3):
 PSYoungGen      total 7680K, used 922K [0x00000000d5580000, 0x00000000d5f80000, 0x0000000100000000)
  eden space 6656K, 0% used [0x00000000d5580000,0x00000000d5580000,0x00000000d5c00000)
  from space 1024K, 90% used [0x00000000d5e80000,0x00000000d5f66920,0x00000000d5f80000)
  to   space 1024K, 0% used [0x00000000d5c80000,0x00000000d5c80000,0x00000000d5d80000)
 ParOldGen       total 690688K, used 690506K [0x0000000080000000, 0x00000000aa280000, 0x00000000d5580000)
  object space 690688K, 99% used [0x0000000080000000,0x00000000aa2529f8,0x00000000aa280000)
 Metaspace       used 77280K, committed 78912K, reserved 1179648K
  class space    used 8200K, committed 8960K, reserved 1048576K
}
Event: 2151.844 GC heap before
{Heap before GC invocations=304 (full 3):
 PSYoungGen      total 7680K, used 7578K [0x00000000d5580000, 0x00000000d5f80000, 0x0000000100000000)
  eden space 6656K, 100% used [0x00000000d5580000,0x00000000d5c00000,0x00000000d5c00000)
  from space 1024K, 90% used [0x00000000d5e80000,0x00000000d5f66920,0x00000000d5f80000)
  to   space 1024K, 0% used [0x00000000d5c80000,0x00000000d5c80000,0x00000000d5d80000)
 ParOldGen       total 690688K, used 690506K [0x0000000080000000, 0x00000000aa280000, 0x00000000d5580000)
  object space 690688K, 99% used [0x0000000080000000,0x00000000aa2529f8,0x00000000aa280000)
 Metaspace       used 77345K, committed 78976K, reserved 1179648K
  class space    used 8201K, committed 8960K, reserved 1048576K
}
Event: 2151.845 GC heap after
{Heap after GC invocations=304 (full 3):
 PSYoungGen      total 7680K, used 948K [0x00000000d5580000, 0x00000000d5f00000, 0x0000000100000000)
  eden space 6656K, 0% used [0x00000000d5580000,0x00000000d5580000,0x00000000d5c00000)
  from space 1024K, 92% used [0x00000000d5c80000,0x00000000d5d6d200,0x00000000d5d80000)
  to   space 1024K, 0% used [0x00000000d5e00000,0x00000000d5e00000,0x00000000d5f00000)
 ParOldGen       total 691712K, used 691235K [0x0000000080000000, 0x00000000aa380000, 0x00000000d5580000)
  object space 691712K, 99% used [0x0000000080000000,0x00000000aa308fa8,0x00000000aa380000)
 Metaspace       used 77345K, committed 78976K, reserved 1179648K
  class space    used 8201K, committed 8960K, reserved 1048576K
}
Event: 2151.861 GC heap before
{Heap before GC invocations=305 (full 3):
 PSYoungGen      total 7680K, used 7604K [0x00000000d5580000, 0x00000000d5f00000, 0x0000000100000000)
  eden space 6656K, 100% used [0x00000000d5580000,0x00000000d5c00000,0x00000000d5c00000)
  from space 1024K, 92% used [0x00000000d5c80000,0x00000000d5d6d200,0x00000000d5d80000)
  to   space 1024K, 0% used [0x00000000d5e00000,0x00000000d5e00000,0x00000000d5f00000)
 ParOldGen       total 691712K, used 691235K [0x0000000080000000, 0x00000000aa380000, 0x00000000d5580000)
  object space 691712K, 99% used [0x0000000080000000,0x00000000aa308fa8,0x00000000aa380000)
 Metaspace       used 77382K, committed 79040K, reserved 1179648K
  class space    used 8202K, committed 8960K, reserved 1048576K
}
Event: 2151.862 GC heap after
{Heap after GC invocations=305 (full 3):
 PSYoungGen      total 7680K, used 1024K [0x00000000d5580000, 0x00000000d6000000, 0x0000000100000000)
  eden space 6656K, 0% used [0x00000000d5580000,0x00000000d5580000,0x00000000d5c00000)
  from space 1024K, 100% used [0x00000000d5e00000,0x00000000d5f00000,0x00000000d5f00000)
  to   space 2048K, 0% used [0x00000000d5c00000,0x00000000d5c00000,0x00000000d5e00000)
 ParOldGen       total 692224K, used 692062K [0x0000000080000000, 0x00000000aa400000, 0x00000000d5580000)
  object space 692224K, 99% used [0x0000000080000000,0x00000000aa3d7b08,0x00000000aa400000)
 Metaspace       used 77382K, committed 79040K, reserved 1179648K
  class space    used 8202K, committed 8960K, reserved 1048576K
}
Event: 2167.852 GC heap before
{Heap before GC invocations=306 (full 3):
 PSYoungGen      total 7680K, used 7680K [0x00000000d5580000, 0x00000000d6000000, 0x0000000100000000)
  eden space 6656K, 100% used [0x00000000d5580000,0x00000000d5c00000,0x00000000d5c00000)
  from space 1024K, 100% used [0x00000000d5e00000,0x00000000d5f00000,0x00000000d5f00000)
  to   space 2048K, 0% used [0x00000000d5c00000,0x00000000d5c00000,0x00000000d5e00000)
 ParOldGen       total 692224K, used 692062K [0x0000000080000000, 0x00000000aa400000, 0x00000000d5580000)
  object space 692224K, 99% used [0x0000000080000000,0x00000000aa3d7b08,0x00000000aa400000)
 Metaspace       used 77429K, committed 79104K, reserved 1179648K
  class space    used 8202K, committed 8960K, reserved 1048576K
}
Event: 2167.853 GC heap after
{Heap after GC invocations=306 (full 3):
 PSYoungGen      total 7680K, used 654K [0x00000000d5580000, 0x00000000d5f00000, 0x0000000100000000)
  eden space 6656K, 0% used [0x00000000d5580000,0x00000000d5580000,0x00000000d5c00000)
  from space 1024K, 63% used [0x00000000d5c00000,0x00000000d5ca3ba0,0x00000000d5d00000)
  to   space 1536K, 0% used [0x00000000d5d80000,0x00000000d5d80000,0x00000000d5f00000)
 ParOldGen       total 693248K, used 692942K [0x0000000080000000, 0x00000000aa500000, 0x00000000d5580000)
  object space 693248K, 99% used [0x0000000080000000,0x00000000aa4b3b48,0x00000000aa500000)
 Metaspace       used 77429K, committed 79104K, reserved 1179648K
  class space    used 8202K, committed 8960K, reserved 1048576K
}
Event: 2177.903 GC heap before
{Heap before GC invocations=307 (full 3):
 PSYoungGen      total 7680K, used 7310K [0x00000000d5580000, 0x00000000d5f00000, 0x0000000100000000)
  eden space 6656K, 100% used [0x00000000d5580000,0x00000000d5c00000,0x00000000d5c00000)
  from space 1024K, 63% used [0x00000000d5c00000,0x00000000d5ca3ba0,0x00000000d5d00000)
  to   space 1536K, 0% used [0x00000000d5d80000,0x00000000d5d80000,0x00000000d5f00000)
 ParOldGen       total 693248K, used 692942K [0x0000000080000000, 0x00000000aa500000, 0x00000000d5580000)
  object space 693248K, 99% used [0x0000000080000000,0x00000000aa4b3b48,0x00000000aa500000)
 Metaspace       used 77453K, committed 79104K, reserved 1179648K
  class space    used 8202K, committed 8960K, reserved 1048576K
}
Event: 2177.904 GC heap after
{Heap after GC invocations=307 (full 3):
 PSYoungGen      total 7168K, used 448K [0x00000000d5580000, 0x00000000d5e00000, 0x0000000100000000)
  eden space 6656K, 0% used [0x00000000d5580000,0x00000000d5580000,0x00000000d5c00000)
  from space 512K, 87% used [0x00000000d5d80000,0x00000000d5df0000,0x00000000d5e00000)
  to   space 1024K, 0% used [0x00000000d5c00000,0x00000000d5c00000,0x00000000d5d00000)
 ParOldGen       total 693760K, used 693319K [0x0000000080000000, 0x00000000aa580000, 0x00000000d5580000)
  object space 693760K, 99% used [0x0000000080000000,0x00000000aa511f08,0x00000000aa580000)
 Metaspace       used 77453K, committed 79104K, reserved 1179648K
  class space    used 8202K, committed 8960K, reserved 1048576K
}
Event: 2346.973 GC heap before
{Heap before GC invocations=308 (full 3):
 PSYoungGen      total 7168K, used 7104K [0x00000000d5580000, 0x00000000d5e00000, 0x0000000100000000)
  eden space 6656K, 100% used [0x00000000d5580000,0x00000000d5c00000,0x00000000d5c00000)
  from space 512K, 87% used [0x00000000d5d80000,0x00000000d5df0000,0x00000000d5e00000)
  to   space 1024K, 0% used [0x00000000d5c00000,0x00000000d5c00000,0x00000000d5d00000)
 ParOldGen       total 693760K, used 693319K [0x0000000080000000, 0x00000000aa580000, 0x00000000d5580000)
  object space 693760K, 99% used [0x0000000080000000,0x00000000aa511f08,0x00000000aa580000)
 Metaspace       used 77472K, committed 79168K, reserved 1179648K
  class space    used 8203K, committed 8960K, reserved 1048576K
}
Event: 2346.974 GC heap after
{Heap after GC invocations=308 (full 3):
 PSYoungGen      total 7680K, used 352K [0x00000000d5580000, 0x00000000d5e00000, 0x0000000100000000)
  eden space 6656K, 0% used [0x00000000d5580000,0x00000000d5580000,0x00000000d5c00000)
  from space 1024K, 34% used [0x00000000d5c00000,0x00000000d5c58000,0x00000000d5d00000)
  to   space 512K, 0% used [0x00000000d5d80000,0x00000000d5d80000,0x00000000d5e00000)
 ParOldGen       total 693760K, used 693383K [0x0000000080000000, 0x00000000aa580000, 0x00000000d5580000)
  object space 693760K, 99% used [0x0000000080000000,0x00000000aa521f08,0x00000000aa580000)
 Metaspace       used 77472K, committed 79168K, reserved 1179648K
  class space    used 8203K, committed 8960K, reserved 1048576K
}
Event: 3039.182 GC heap before
{Heap before GC invocations=309 (full 3):
 PSYoungGen      total 7680K, used 7008K [0x00000000d5580000, 0x00000000d5e00000, 0x0000000100000000)
  eden space 6656K, 100% used [0x00000000d5580000,0x00000000d5c00000,0x00000000d5c00000)
  from space 1024K, 34% used [0x00000000d5c00000,0x00000000d5c58000,0x00000000d5d00000)
  to   space 512K, 0% used [0x00000000d5d80000,0x00000000d5d80000,0x00000000d5e00000)
 ParOldGen       total 693760K, used 693383K [0x0000000080000000, 0x00000000aa580000, 0x00000000d5580000)
  object space 693760K, 99% used [0x0000000080000000,0x00000000aa521f08,0x00000000aa580000)
 Metaspace       used 77545K, committed 79168K, reserved 1179648K
  class space    used 8204K, committed 8960K, reserved 1048576K
}
Event: 3039.183 GC heap after
{Heap after GC invocations=309 (full 3):
 PSYoungGen      total 7168K, used 352K [0x00000000d5580000, 0x00000000d5e00000, 0x0000000100000000)
  eden space 6656K, 0% used [0x00000000d5580000,0x00000000d5580000,0x00000000d5c00000)
  from space 512K, 68% used [0x00000000d5d80000,0x00000000d5dd8000,0x00000000d5e00000)
  to   space 512K, 0% used [0x00000000d5d00000,0x00000000d5d00000,0x00000000d5d80000)
 ParOldGen       total 693760K, used 693455K [0x0000000080000000, 0x00000000aa580000, 0x00000000d5580000)
  object space 693760K, 99% used [0x0000000080000000,0x00000000aa533f08,0x00000000aa580000)
 Metaspace       used 77545K, committed 79168K, reserved 1179648K
  class space    used 8204K, committed 8960K, reserved 1048576K
}
Event: 3044.521 GC heap before
{Heap before GC invocations=310 (full 3):
 PSYoungGen      total 7168K, used 7008K [0x00000000d5580000, 0x00000000d5e00000, 0x0000000100000000)
  eden space 6656K, 100% used [0x00000000d5580000,0x00000000d5c00000,0x00000000d5c00000)
  from space 512K, 68% used [0x00000000d5d80000,0x00000000d5dd8000,0x00000000d5e00000)
  to   space 512K, 0% used [0x00000000d5d00000,0x00000000d5d00000,0x00000000d5d80000)
 ParOldGen       total 693760K, used 693455K [0x0000000080000000, 0x00000000aa580000, 0x00000000d5580000)
  object space 693760K, 99% used [0x0000000080000000,0x00000000aa533f08,0x00000000aa580000)
 Metaspace       used 77550K, committed 79168K, reserved 1179648K
  class space    used 8204K, committed 8960K, reserved 1048576K
}
Event: 3044.522 GC heap after
{Heap after GC invocations=310 (full 3):
 PSYoungGen      total 7168K, used 448K [0x00000000d5580000, 0x00000000d5e00000, 0x0000000100000000)
  eden space 6656K, 0% used [0x00000000d5580000,0x00000000d5580000,0x00000000d5c00000)
  from space 512K, 87% used [0x00000000d5d00000,0x00000000d5d70000,0x00000000d5d80000)
  to   space 512K, 0% used [0x00000000d5d80000,0x00000000d5d80000,0x00000000d5e00000)
 ParOldGen       total 693760K, used 693551K [0x0000000080000000, 0x00000000aa580000, 0x00000000d5580000)
  object space 693760K, 99% used [0x0000000080000000,0x00000000aa54bf18,0x00000000aa580000)
 Metaspace       used 77550K, committed 79168K, reserved 1179648K
  class space    used 8204K, committed 8960K, reserved 1048576K
}

