# JRE version: OpenJDK Runtime Environment Temurin-21.0.10+7 (21.0.10+7) (build 21.0.10+7-LTS)
# Java VM: OpenJDK 64-Bit Server VM Temurin-21.0.10+7 (21.0.10+7-LTS, mixed mode, sharing, tiered, compressed oops, compressed class ptrs, parallel gc, windows-amd64)
GC Precious Log:
 CardTable entry size: 512
 CPUs: 16 total, 16 available
 Memory: 16010M
 Large Page Support: Disabled
 NUMA Support: Disabled
 Compressed Oops: Enabled (32-bit)
 Alignments: Space 512K, Generation 512K, Heap 2M
 Heap Min Capacity: 100M
 Heap Initial Capacity: 100M
 Heap Max Capacity: 2G
 Pre-touch: Disabled
 Parallel Workers: 13
Heap:
 PSYoungGen      total 9728K, used 9236K [0x00000000d5580000, 0x00000000d6480000, 0x0000000100000000)
  eden space 8192K, 100% used [0x00000000d5580000,0x00000000d5d80000,0x00000000d5d80000)
  from space 1536K, 68% used [0x00000000d5f00000,0x00000000d6005200,0x00000000d6080000)
  to   space 2048K, 0% used [0x00000000d6280000,0x00000000d6280000,0x00000000d6480000)
 ParOldGen       total 1362432K, used 1362414K [0x0000000080000000, 0x00000000d3280000, 0x00000000d5580000)
  object space 1362432K, 99% used [0x0000000080000000,0x00000000d327bb88,0x00000000d3280000)
 Metaspace       used 84030K, committed 85824K, reserved 1179648K
  class space    used 8479K, committed 9280K, reserved 1048576K
GC Heap History (20 events):
Event: 2691.818 GC heap before
{Heap before GC invocations=1323 (full 7):
 PSYoungGen      total 6144K, used 5040K [0x00000000d5580000, 0x00000000d5c80000, 0x0000000100000000)
  eden space 5120K, 90% used [0x00000000d5580000,0x00000000d5a0c068,0x00000000d5a80000)
  from space 1024K, 37% used [0x00000000d5a80000,0x00000000d5ae0000,0x00000000d5b80000)
  to   space 1024K, 0% used [0x00000000d5b80000,0x00000000d5b80000,0x00000000d5c80000)
 ParOldGen       total 1266176K, used 1265888K [0x0000000080000000, 0x00000000cd480000, 0x00000000d5580000)
  object space 1266176K, 99% used [0x0000000080000000,0x00000000cd438368,0x00000000cd480000)
 Metaspace       used 84010K, committed 85824K, reserved 1179648K
  class space    used 8479K, committed 9280K, reserved 1048576K
}
Event: 2691.819 GC heap after
{Heap after GC invocations=1323 (full 7):
 PSYoungGen      total 5632K, used 384K [0x00000000d5580000, 0x00000000d5c00000, 0x0000000100000000)
  eden space 5120K, 0% used [0x00000000d5580000,0x00000000d5580000,0x00000000d5a80000)
  from space 512K, 75% used [0x00000000d5b80000,0x00000000d5be0000,0x00000000d5c00000)
  to   space 512K, 0% used [0x00000000d5b00000,0x00000000d5b00000,0x00000000d5b80000)
 ParOldGen       total 1266176K, used 1265984K [0x0000000080000000, 0x00000000cd480000, 0x00000000d5580000)
  object space 1266176K, 99% used [0x0000000080000000,0x00000000cd450368,0x00000000cd480000)
 Metaspace       used 84010K, committed 85824K, reserved 1179648K
  class space    used 8479K, committed 9280K, reserved 1048576K
}
Event: 2691.827 GC heap before
{Heap before GC invocations=1324 (full 7):
 PSYoungGen      total 5632K, used 5504K [0x00000000d5580000, 0x00000000d5c00000, 0x0000000100000000)
  eden space 5120K, 100% used [0x00000000d5580000,0x00000000d5a80000,0x00000000d5a80000)
  from space 512K, 75% used [0x00000000d5b80000,0x00000000d5be0000,0x00000000d5c00000)
  to   space 512K, 0% used [0x00000000d5b00000,0x00000000d5b00000,0x00000000d5b80000)
 ParOldGen       total 1266176K, used 1265984K [0x0000000080000000, 0x00000000cd480000, 0x00000000d5580000)
  object space 1266176K, 99% used [0x0000000080000000,0x00000000cd450368,0x00000000cd480000)
 Metaspace       used 84010K, committed 85824K, reserved 1179648K
  class space    used 8479K, committed 9280K, reserved 1048576K
}
Event: 2691.830 GC heap after
{Heap after GC invocations=1324 (full 7):
 PSYoungGen      total 5632K, used 512K [0x00000000d5580000, 0x00000000d6680000, 0x0000000100000000)
  eden space 5120K, 0% used [0x00000000d5580000,0x00000000d5580000,0x00000000d5a80000)
  from space 512K, 100% used [0x00000000d5b00000,0x00000000d5b80000,0x00000000d5b80000)
  to   space 6144K, 0% used [0x00000000d6080000,0x00000000d6080000,0x00000000d6680000)
 ParOldGen       total 1270784K, used 1270574K [0x0000000080000000, 0x00000000cd900000, 0x00000000d5580000)
  object space 1270784K, 99% used [0x0000000080000000,0x00000000cd8cbb18,0x00000000cd900000)
 Metaspace       used 84010K, committed 85824K, reserved 1179648K
  class space    used 8479K, committed 9280K, reserved 1048576K
}
Event: 2691.836 GC heap before
{Heap before GC invocations=1325 (full 7):
 PSYoungGen      total 5632K, used 5632K [0x00000000d5580000, 0x00000000d6680000, 0x0000000100000000)
  eden space 5120K, 100% used [0x00000000d5580000,0x00000000d5a80000,0x00000000d5a80000)
  from space 512K, 100% used [0x00000000d5b00000,0x00000000d5b80000,0x00000000d5b80000)
  to   space 6144K, 0% used [0x00000000d6080000,0x00000000d6080000,0x00000000d6680000)
 ParOldGen       total 1270784K, used 1270574K [0x0000000080000000, 0x00000000cd900000, 0x00000000d5580000)
  object space 1270784K, 99% used [0x0000000080000000,0x00000000cd8cbb18,0x00000000cd900000)
 Metaspace       used 84010K, committed 85824K, reserved 1179648K
  class space    used 8479K, committed 9280K, reserved 1048576K
}
Event: 2691.839 GC heap after
{Heap after GC invocations=1325 (full 7):
 PSYoungGen      total 10752K, used 5216K [0x00000000d5580000, 0x00000000d6600000, 0x0000000100000000)
  eden space 5120K, 0% used [0x00000000d5580000,0x00000000d5580000,0x00000000d5a80000)
  from space 5632K, 92% used [0x00000000d6080000,0x00000000d6598000,0x00000000d6600000)
  to   space 5632K, 0% used [0x00000000d5b00000,0x00000000d5b00000,0x00000000d6080000)
 ParOldGen       total 1271296K, used 1271142K [0x0000000080000000, 0x00000000cd980000, 0x00000000d5580000)
  object space 1271296K, 99% used [0x0000000080000000,0x00000000cd959b18,0x00000000cd980000)
 Metaspace       used 84010K, committed 85824K, reserved 1179648K
  class space    used 8479K, committed 9280K, reserved 1048576K
}
Event: 2691.848 GC heap before
{Heap before GC invocations=1326 (full 7):
 PSYoungGen      total 10752K, used 10282K [0x00000000d5580000, 0x00000000d6600000, 0x0000000100000000)
  eden space 5120K, 98% used [0x00000000d5580000,0x00000000d5a72b68,0x00000000d5a80000)
  from space 5632K, 92% used [0x00000000d6080000,0x00000000d6598000,0x00000000d6600000)
  to   space 5632K, 0% used [0x00000000d5b00000,0x00000000d5b00000,0x00000000d6080000)
 ParOldGen       total 1271296K, used 1271142K [0x0000000080000000, 0x00000000cd980000, 0x00000000d5580000)
  object space 1271296K, 99% used [0x0000000080000000,0x00000000cd959b18,0x00000000cd980000)
 Metaspace       used 84010K, committed 85824K, reserved 1179648K
  class space    used 8479K, committed 9280K, reserved 1048576K
}
Event: 2691.852 GC heap after
{Heap after GC invocations=1326 (full 7):
 PSYoungGen      total 11264K, used 4913K [0x00000000d5580000, 0x00000000d6580000, 0x0000000100000000)
  eden space 5632K, 0% used [0x00000000d5580000,0x00000000d5580000,0x00000000d5b00000)
  from space 5632K, 87% used [0x00000000d5b00000,0x00000000d5fcc400,0x00000000d6080000)
  to   space 5120K, 0% used [0x00000000d6080000,0x00000000d6080000,0x00000000d6580000)
 ParOldGen       total 1276416K, used 1276278K [0x0000000080000000, 0x00000000cde80000, 0x00000000d5580000)
  object space 1276416K, 99% used [0x0000000080000000,0x00000000cde5db18,0x00000000cde80000)
 Metaspace       used 84010K, committed 85824K, reserved 1179648K
  class space    used 8479K, committed 9280K, reserved 1048576K
}
Event: 2691.889 GC heap before
{Heap before GC invocations=1327 (full 7):
 PSYoungGen      total 11264K, used 10545K [0x00000000d5580000, 0x00000000d6580000, 0x0000000100000000)
  eden space 5632K, 100% used [0x00000000d5580000,0x00000000d5b00000,0x00000000d5b00000)
  from space 5632K, 87% used [0x00000000d5b00000,0x00000000d5fcc400,0x00000000d6080000)
  to   space 5120K, 0% used [0x00000000d6080000,0x00000000d6080000,0x00000000d6580000)
 ParOldGen       total 1276416K, used 1276278K [0x0000000080000000, 0x00000000cde80000, 0x00000000d5580000)
  object space 1276416K, 99% used [0x0000000080000000,0x00000000cde5db18,0x00000000cde80000)
 Metaspace       used 84011K, committed 85824K, reserved 1179648K
  class space    used 8479K, committed 9280K, reserved 1048576K
}
Event: 2691.895 GC heap after
{Heap after GC invocations=1327 (full 7):
 PSYoungGen      total 9728K, used 3944K [0x00000000d5580000, 0x00000000d6480000, 0x0000000100000000)
  eden space 5632K, 0% used [0x00000000d5580000,0x00000000d5580000,0x00000000d5b00000)
  from space 4096K, 96% used [0x00000000d6080000,0x00000000d645a000,0x00000000d6480000)
  to   space 4608K, 0% used [0x00000000d5b80000,0x00000000d5b80000,0x00000000d6000000)
 ParOldGen       total 1281024K, used 1280806K [0x0000000080000000, 0x00000000ce300000, 0x00000000d5580000)
  object space 1281024K, 99% used [0x0000000080000000,0x00000000ce2c9b18,0x00000000ce300000)
 Metaspace       used 84011K, committed 85824K, reserved 1179648K
  class space    used 8479K, committed 9280K, reserved 1048576K
}
Event: 2691.911 GC heap before
{Heap before GC invocations=1328 (full 7):
 PSYoungGen      total 9728K, used 9517K [0x00000000d5580000, 0x00000000d6480000, 0x0000000100000000)
  eden space 5632K, 98% used [0x00000000d5580000,0x00000000d5af17a0,0x00000000d5b00000)
  from space 4096K, 96% used [0x00000000d6080000,0x00000000d645a000,0x00000000d6480000)
  to   space 4608K, 0% used [0x00000000d5b80000,0x00000000d5b80000,0x00000000d6000000)
 ParOldGen       total 1281024K, used 1280806K [0x0000000080000000, 0x00000000ce300000, 0x00000000d5580000)
  object space 1281024K, 99% used [0x0000000080000000,0x00000000ce2c9b18,0x00000000ce300000)
 Metaspace       used 84011K, committed 85824K, reserved 1179648K
  class space    used 8479K, committed 9280K, reserved 1048576K
}
Event: 2691.915 GC heap after
{Heap after GC invocations=1328 (full 7):
 PSYoungGen      total 10240K, used 4579K [0x00000000d5580000, 0x00000000d6e00000, 0x0000000100000000)
  eden space 5632K, 0% used [0x00000000d5580000,0x00000000d5580000,0x00000000d5b00000)
  from space 4608K, 99% used [0x00000000d5b80000,0x00000000d5ff8e30,0x00000000d6000000)
  to   space 9728K, 0% used [0x00000000d6480000,0x00000000d6480000,0x00000000d6e00000)
 ParOldGen       total 1285120K, used 1284740K [0x0000000080000000, 0x00000000ce700000, 0x00000000d5580000)
  object space 1285120K, 99% used [0x0000000080000000,0x00000000ce6a1150,0x00000000ce700000)
 Metaspace       used 84011K, committed 85824K, reserved 1179648K
  class space    used 8479K, committed 9280K, reserved 1048576K
}
Event: 2691.921 GC heap before
{Heap before GC invocations=1329 (full 7):
 PSYoungGen      total 10240K, used 10211K [0x00000000d5580000, 0x00000000d6e00000, 0x0000000100000000)
  eden space 5632K, 100% used [0x00000000d5580000,0x00000000d5b00000,0x00000000d5b00000)
  from space 4608K, 99% used [0x00000000d5b80000,0x00000000d5ff8e30,0x00000000d6000000)
  to   space 9728K, 0% used [0x00000000d6480000,0x00000000d6480000,0x00000000d6e00000)
 ParOldGen       total 1285120K, used 1284740K [0x0000000080000000, 0x00000000ce700000, 0x00000000d5580000)
  object space 1285120K, 99% used [0x0000000080000000,0x00000000ce6a1150,0x00000000ce700000)
 Metaspace       used 84016K, committed 85824K, reserved 1179648K
  class space    used 8479K, committed 9280K, reserved 1048576K
}
Event: 2691.924 GC heap after
{Heap after GC invocations=1329 (full 7):
 PSYoungGen      total 12288K, used 4669K [0x00000000d5580000, 0x00000000d6980000, 0x0000000100000000)
  eden space 7168K, 0% used [0x00000000d5580000,0x00000000d5580000,0x00000000d5c80000)
  from space 5120K, 91% used [0x00000000d6480000,0x00000000d690f5c0,0x00000000d6980000)
  to   space 6144K, 0% used [0x00000000d5d80000,0x00000000d5d80000,0x00000000d6380000)
 ParOldGen       total 1289216K, used 1289097K [0x0000000080000000, 0x00000000ceb00000, 0x00000000d5580000)
  object space 1289216K, 99% used [0x0000000080000000,0x00000000ceae2478,0x00000000ceb00000)
 Metaspace       used 84016K, committed 85824K, reserved 1179648K
  class space    used 8479K, committed 9280K, reserved 1048576K
}
Event: 2691.940 GC heap before
{Heap before GC invocations=1330 (full 7):
 PSYoungGen      total 12288K, used 11437K [0x00000000d5580000, 0x00000000d6980000, 0x0000000100000000)
  eden space 7168K, 94% used [0x00000000d5580000,0x00000000d5c1c010,0x00000000d5c80000)
  from space 5120K, 91% used [0x00000000d6480000,0x00000000d690f5c0,0x00000000d6980000)
  to   space 6144K, 0% used [0x00000000d5d80000,0x00000000d5d80000,0x00000000d6380000)
 ParOldGen       total 1289216K, used 1289097K [0x0000000080000000, 0x00000000ceb00000, 0x00000000d5580000)
  object space 1289216K, 99% used [0x0000000080000000,0x00000000ceae2478,0x00000000ceb00000)
 Metaspace       used 84016K, committed 85824K, reserved 1179648K
  class space    used 8479K, committed 9280K, reserved 1048576K
}
Event: 2691.944 GC heap after
{Heap after GC invocations=1330 (full 7):
 PSYoungGen      total 14336K, used 5568K [0x00000000d5580000, 0x00000000d6a00000, 0x0000000100000000)
  eden space 8192K, 0% used [0x00000000d5580000,0x00000000d5580000,0x00000000d5d80000)
  from space 6144K, 90% used [0x00000000d5d80000,0x00000000d62f0000,0x00000000d6380000)
  to   space 6144K, 0% used [0x00000000d6400000,0x00000000d6400000,0x00000000d6a00000)
 ParOldGen       total 1293824K, used 1293622K [0x0000000080000000, 0x00000000cef80000, 0x00000000d5580000)
  object space 1293824K, 99% used [0x0000000080000000,0x00000000cef4dbd8,0x00000000cef80000)
 Metaspace       used 84016K, committed 85824K, reserved 1179648K
  class space    used 8479K, committed 9280K, reserved 1048576K
}
Event: 2691.976 GC heap before
{Heap before GC invocations=1331 (full 7):
 PSYoungGen      total 14336K, used 13760K [0x00000000d5580000, 0x00000000d6a00000, 0x0000000100000000)
  eden space 8192K, 100% used [0x00000000d5580000,0x00000000d5d80000,0x00000000d5d80000)
  from space 6144K, 90% used [0x00000000d5d80000,0x00000000d62f0000,0x00000000d6380000)
  to   space 6144K, 0% used [0x00000000d6400000,0x00000000d6400000,0x00000000d6a00000)
 ParOldGen       total 1293824K, used 1293622K [0x0000000080000000, 0x00000000cef80000, 0x00000000d5580000)
  object space 1293824K, 99% used [0x0000000080000000,0x00000000cef4dbd8,0x00000000cef80000)
 Metaspace       used 84023K, committed 85824K, reserved 1179648K
  class space    used 8479K, committed 9280K, reserved 1048576K
}
Event: 2691.980 GC heap after
{Heap after GC invocations=1331 (full 7):
 PSYoungGen      total 11264K, used 2720K [0x00000000d5580000, 0x00000000d6700000, 0x0000000100000000)
  eden space 8192K, 0% used [0x00000000d5580000,0x00000000d5580000,0x00000000d5d80000)
  from space 3072K, 88% used [0x00000000d6400000,0x00000000d66a8000,0x00000000d6700000)
  to   space 4096K, 0% used [0x00000000d5f00000,0x00000000d5f00000,0x00000000d6300000)
 ParOldGen       total 1298944K, used 1298534K [0x0000000080000000, 0x00000000cf480000, 0x00000000d5580000)
  object space 1298944K, 99% used [0x0000000080000000,0x00000000cf419bd8,0x00000000cf480000)
 Metaspace       used 84023K, committed 85824K, reserved 1179648K
  class space    used 8479K, committed 9280K, reserved 1048576K
}
Event: 2692.105 GC heap before
{Heap before GC invocations=1332 (full 7):
 PSYoungGen      total 11264K, used 10912K [0x00000000d5580000, 0x00000000d6700000, 0x0000000100000000)
  eden space 8192K, 100% used [0x00000000d5580000,0x00000000d5d80000,0x00000000d5d80000)
  from space 3072K, 88% used [0x00000000d6400000,0x00000000d66a8000,0x00000000d6700000)
  to   space 4096K, 0% used [0x00000000d5f00000,0x00000000d5f00000,0x00000000d6300000)
 ParOldGen       total 1362432K, used 1359975K [0x0000000080000000, 0x00000000d3280000, 0x00000000d5580000)
  object space 1362432K, 99% used [0x0000000080000000,0x00000000d3019c38,0x00000000d3280000)
 Metaspace       used 84030K, committed 85824K, reserved 1179648K
  class space    used 8479K, committed 9280K, reserved 1048576K
}
Event: 2692.109 GC heap after
{Heap after GC invocations=1332 (full 7):
 PSYoungGen      total 9728K, used 1044K [0x00000000d5580000, 0x00000000d6480000, 0x0000000100000000)
  eden space 8192K, 0% used [0x00000000d5580000,0x00000000d5580000,0x00000000d5d80000)
  from space 1536K, 68% used [0x00000000d5f00000,0x00000000d6005200,0x00000000d6080000)
  to   space 2048K, 0% used [0x00000000d6280000,0x00000000d6280000,0x00000000d6480000)
 ParOldGen       total 1362432K, used 1362414K [0x0000000080000000, 0x00000000d3280000, 0x00000000d5580000)
  object space 1362432K, 99% used [0x0000000080000000,0x00000000d327bb88,0x00000000d3280000)
 Metaspace       used 84030K, committed 85824K, reserved 1179648K
  class space    used 8479K, committed 9280K, reserved 1048576K
}

